<?xml version="1.0" encoding="UTF-8"?>
<!-- Generated by org.testng.reporters.JUnitReportReporter -->
<testsuite hostname="Abhi" failures="0" tests="4" name="api.tests.UserTests" time="8.900" errors="0" timestamp="2023-03-26T18:58:10 IST" skipped="0">
  <testcase classname="api.tests.UserTests" name="testPostUser" time="3.581"/>
  <system-out/>
  <testcase classname="api.tests.UserTests" name="testGetUserByName" time="1.293"/>
  <system-out/>
  <testcase classname="api.tests.UserTests" name="testUpdateUserByName" time="2.653"/>
  <system-out/>
  <testcase classname="api.tests.UserTests" name="testDeleteUserByName" time="1.373"/>
  <system-out/>
</testsuite> <!-- api.tests.UserTests -->
