<?xml version="1.0" encoding="UTF-8"?>
<!-- Generated by org.testng.reporters.JUnitReportReporter -->
<testsuite hostname="Abhi" failures="0" tests="4" name="api.tests.UserTests_fromProperties" time="6.185" errors="0" timestamp="2023-03-26T18:58:10 IST" skipped="0">
  <testcase classname="api.tests.UserTests_fromProperties" name="testPostUser" time="1.203"/>
  <system-out/>
  <testcase classname="api.tests.UserTests_fromProperties" name="testGetUserByName" time="1.167"/>
  <system-out/>
  <testcase classname="api.tests.UserTests_fromProperties" name="testUpdateUserByName" time="2.619"/>
  <system-out/>
  <testcase classname="api.tests.UserTests_fromProperties" name="testDeleteUserByName" time="1.196"/>
  <system-out/>
</testsuite> <!-- api.tests.UserTests_fromProperties -->
