<?xml version="1.0" encoding="UTF-8"?>
<!-- Generated by org.testng.reporters.JUnitReportReporter -->
<testsuite hostname="Abhi" failures="0" tests="4" name="api.tests.UserTests_fromProperties" time="6.796" errors="0" timestamp="2023-03-27T12:07:49 IST" skipped="0">
  <testcase classname="api.tests.UserTests_fromProperties" name="testPostUser" time="1.231"/>
  <system-out/>
  <testcase classname="api.tests.UserTests_fromProperties" name="testGetUserByName" time="1.559"/>
  <system-out/>
  <testcase classname="api.tests.UserTests_fromProperties" name="testUpdateUserByName" time="2.774"/>
  <system-out/>
  <testcase classname="api.tests.UserTests_fromProperties" name="testDeleteUserByName" time="1.232"/>
  <system-out/>
</testsuite> <!-- api.tests.UserTests_fromProperties -->
